<?xml version="1.0" encoding="UTF-8"?>
<!-- Generated by org.testng.reporters.JUnitReportReporter -->
<testsuite hostname="DESKTOP-N70P6Q0" failures="0" tests="1" name="Qa_test.Testcase3" time="30.735" errors="0" timestamp="2023-09-22T19:01:34 IST" skipped="0">
  <testcase classname="Qa_test.Testcase3" name="samplemethod" time="30.735"/>
  <system-out/>
</testsuite> <!-- Qa_test.Testcase3 -->
