<?xml version="1.0" encoding="UTF-8"?>
<!-- Generated by org.testng.reporters.JUnitReportReporter -->
<testsuite hostname="DESKTOP-N70P6Q0" failures="0" tests="1" name="Qa_test.Testcase7" time="16.715" errors="0" timestamp="2023-09-23T19:12:00 IST" skipped="0">
  <testcase classname="Qa_test.Testcase7" name="signin" time="16.715"/>
  <system-out/>
</testsuite> <!-- Qa_test.Testcase7 -->
