<?xml version="1.0" encoding="UTF-8"?>
<!-- Generated by org.testng.reporters.JUnitReportReporter -->
<testsuite hostname="DESKTOP-N70P6Q0" failures="0" tests="1" name="Qa_test.Testcase_11" time="34.631" errors="0" timestamp="2023-09-24T17:30:32 IST" skipped="0">
  <testcase classname="Qa_test.Testcase_11" name="signin" time="34.631"/>
  <system-out/>
</testsuite> <!-- Qa_test.Testcase_11 -->
