<?xml version="1.0" encoding="UTF-8"?>
<!-- Generated by org.testng.reporters.JUnitReportReporter -->
<testsuite hostname="DESKTOP-N70P6Q0" failures="0" tests="1" name="Qa_test.Testcase1" time="10.075" errors="0" timestamp="2023-09-22T12:55:00 IST" skipped="0">
  <testcase classname="Qa_test.Testcase1" name="samplemethod" time="10.075"/>
  <system-out/>
</testsuite> <!-- Qa_test.Testcase1 -->
