<?xml version="1.0" encoding="UTF-8"?>
<!-- Generated by org.testng.reporters.JUnitReportReporter -->
<testsuite hostname="DESKTOP-N70P6Q0" failures="0" tests="1" name="Qa_test.Testcase4" time="11.898" errors="0" timestamp="2023-09-23T14:21:14 IST" skipped="0">
  <testcase classname="Qa_test.Testcase4" name="signin" time="11.898"/>
  <system-out/>
</testsuite> <!-- Qa_test.Testcase4 -->
